<?xml version="1.0" encoding="UTF-8"?>
<project xmlns="http://maven.apache.org/POM/4.0.0" xmlns:xsi="http://www.w3.org/2001/XMLSchema-instance"
	xsi:schemaLocation="http://maven.apache.org/POM/4.0.0 http://maven.apache.org/xsd/maven-4.0.0.xsd">
	<modelVersion>4.0.0</modelVersion>

	<groupId>org.hubotek</groupId>
	<artifactId>hubotek-ejb</artifactId>
	<version>1.0</version>
	<packaging>ejb</packaging>

	<name>hubotek-ejb</name>

	<properties>
		<endorsed.dir>${project.build.directory}/endorsed</endorsed.dir>
		<project.build.sourceEncoding>UTF-8</project.build.sourceEncoding>
	</properties>

	<dependencies>
		<!-- https://mvnrepository.com/artifact/com.google.guava/guava -->
		<dependency>
			<groupId>com.google.guava</groupId>
			<artifactId>guava</artifactId>
			<version>19.0</version>
		</dependency>
		<dependency>
			<groupId>org.apache.tika</groupId>
			<artifactId>tika-core</artifactId>
			<version>1.13</version>
			<scope>test</scope>
		</dependency>
		<!-- https://mvnrepository.com/artifact/org.apache.httpcomponents/httpclient -->
		<dependency>
			<groupId>org.apache.httpcomponents</groupId>
			<artifactId>httpclient</artifactId>
			<version>4.5.2</version>
		</dependency>
		<!-- https://mvnrepository.com/artifact/org.apache.httpcomponents/httpmime -->
		<dependency>
			<groupId>org.apache.httpcomponents</groupId>
			<artifactId>httpmime</artifactId>
			<version>4.5.2</version>
		</dependency>
		<!-- https://mvnrepository.com/artifact/org.apache.httpcomponents/fluent-hc -->
		<dependency>
			<groupId>org.apache.httpcomponents</groupId>
			<artifactId>fluent-hc</artifactId>
			<version>4.5.2</version>
		</dependency>
		<dependency>
			<groupId>org.hubotek</groupId>
			<artifactId>model</artifactId>
			<version>1.0</version>
			<scope>compile</scope>
		</dependency>
		<dependency>
			<groupId>org.slf4j</groupId>
			<artifactId>slf4j-simple</artifactId>
			<version>1.7.21</version>
			<scope>test</scope>
		</dependency>
	</dependencies>

	<build>
		<plugins>
			<plugin>
				<artifactId>maven-surefire-plugin</artifactId>
				<version>2.19.1</version>
				<configuration>
					<skipTests>false</skipTests>
				</configuration>
			</plugin>
			<plugin>
				<groupId>org.apache.maven.plugins</groupId>
				<artifactId>maven-compiler-plugin</artifactId>
				<version>3.1</version>
				<configuration>
					<source>1.8</source>
					<target>1.8</target>
					<compilerArguments>
						<endorseddirs>${endorsed.dir}</endorseddirs>
					</compilerArguments>
				</configuration>
			</plugin>
			<plugin>
				<groupId>org.apache.maven.plugins</groupId>
				<artifactId>maven-ejb-plugin</artifactId>
				<version>2.3</version>
				<configuration>
					<ejbVersion>3.1</ejbVersion>
				</configuration>
			</plugin>
			<plugin>
				<groupId>org.apache.maven.plugins</groupId>
				<artifactId>maven-dependency-plugin</artifactId>
				<version>2.6</version>
				<executions>
					<execution>
						<phase>validate</phase>
						<goals>
							<goal>copy</goal>
						</goals>
						<configuration>
							<outputDirectory>${endorsed.dir}</outputDirectory>
							<silent>true</silent>
							<artifactItems>
								<artifactItem>
									<groupId>javax</groupId>
									<artifactId>javaee-endorsed-api</artifactId>
									<version>7.0</version>
									<type>jar</type>
								</artifactItem>
							</artifactItems>
						</configuration>
					</execution>
				</executions>
			</plugin>
		</plugins>
	</build>
	<dependencyManagement>
		<dependencies>
			<!-- https://mvnrepository.com/artifact/org.jboss.arquillian/arquillian-bom -->
			<!-- https://mvnrepository.com/artifact/org.jboss.shrinkwrap.resolver/shrinkwrap-resolver-bom -->
			<dependency>
				<groupId>org.hubotek</groupId>
				<artifactId>model</artifactId>
				<version>1.0</version>
				<scope>compile</scope>
				<type>jar</type>
			</dependency>
		</dependencies>
	</dependencyManagement>
</project>